<?xml version="1.0" encoding="UTF-8"?>
<testsuite xmlns:xsi="http://www.w3.org/2001/XMLSchema-instance" xsi:noNamespaceSchemaLocation="https://maven.apache.org/surefire/maven-surefire-plugin/xsd/surefire-test-report-3.0.xsd" version="3.0" name="com.fich.sarh.SarhApplicationTests" time="29.137" tests="1" errors="0" skipped="0" failures="0">
  <properties>
[...]
</properties>
  <testcase name="contextLoads" classname="com.fich.sarh.SarhApplicationTests" time="0.876">
    <system-out><![CDATA[19:33:37.495 [main] INFO org.springframework.test.context.support.AnnotationConfigContextLoaderUtils -- Could not detect default configuration classes for test class [com.fich.sarh.SarhApplicationTests]: SarhApplicationTests does not declare any static, non-private, non-final, nested classes annotated with @Configuration.
19:33:37.905 [main] INFO org.springframework.boot.test.context.SpringBootTestContextBootstrapper -- Found @SpringBootConfiguration com.fich.sarh.SarhApplication for test class com.fich.sarh.SarhApplicationTests
 ,---. ,------. ,------. ,--.,--.  ,--. ,----.     ,---. ,------. ,-----.,--. ,--.,------. ,--.,--------.,--.   ,--.
'   .-'|  .--. '|  .--. '|  ||  ,'.|  |'  .-./    '   .-'|  .---''  .--./|  | |  ||  .--. '|  |'--.  .--' \  `.'  /
`.  `-.|  '--' ||  '--'.'|  ||  |' '  ||  | .---. `.  `-.|  `--, |  |    |  | |  ||  '--'.'|  |   |  |     '.    /
.-'    |  | --' |  |\  \ |  ||  | `   |'  '--'  | .-'    |  `---.'  '--'\'  '-'  '|  |\  \ |  |   |  |       |  |
`-----'`--'     `--' '--'`--'`--'  `--' `------'  `-----'`------' `-----' `-----' `--' '--'`--'   `--'       `--'
2025-12-22T19:33:38.803-03:00  INFO 16232 --- [sarh] [           main] com.fich.sarh.SarhApplicationTests       : Starting SarhApplicationTests using Java 21.0.9 with PID 16232 (started by I-MAG in C:\Users\I-MAG\Documents\sarh)
2025-12-22T19:33:38.819-03:00  INFO 16232 --- [sarh] [           main] com.fich.sarh.SarhApplicationTests       : No active profile set, falling back to 1 default profile: "default"
2025-12-22T19:33:41.973-03:00  INFO 16232 --- [sarh] [           main] .s.d.r.c.RepositoryConfigurationDelegate : Bootstrapping Spring Data JPA repositories in DEFAULT mode.
2025-12-22T19:33:44.117-03:00  INFO 16232 --- [sarh] [           main] .s.d.r.c.RepositoryConfigurationDelegate : Finished Spring Data repository scanning in 2087 ms. Found 12 JPA repository interfaces.
2025-12-22T19:33:45.458-03:00  INFO 16232 --- [sarh] [           main] o.hibernate.jpa.internal.util.LogHelper  : HHH000204: Processing PersistenceUnitInfo [name: default]
2025-12-22T19:33:45.630-03:00  INFO 16232 --- [sarh] [           main] org.hibernate.Version                    : HHH000412: Hibernate ORM core version 6.5.3.Final
2025-12-22T19:33:45.755-03:00  INFO 16232 --- [sarh] [           main] o.h.c.internal.RegionFactoryInitiator    : HHH000026: Second-level cache disabled
2025-12-22T19:33:46.584-03:00  INFO 16232 --- [sarh] [           main] o.s.o.j.p.SpringPersistenceUnitInfo      : No LoadTimeWeaver setup: ignoring JPA class transformer
2025-12-22T19:33:46.646-03:00  INFO 16232 --- [sarh] [           main] com.zaxxer.hikari.HikariDataSource       : HikariPool-1 - Starting...
2025-12-22T19:33:46.849-03:00  INFO 16232 --- [sarh] [           main] com.zaxxer.hikari.pool.HikariPool        : HikariPool-1 - Added connection org.mariadb.jdbc.Connection@761f234c
2025-12-22T19:33:46.849-03:00  INFO 16232 --- [sarh] [           main] com.zaxxer.hikari.HikariDataSource       : HikariPool-1 - Start completed.
2025-12-22T19:33:46.912-03:00  WARN 16232 --- [sarh] [           main] org.hibernate.orm.deprecation            : HHH90000025: MariaDBDialect does not need to be specified explicitly using 'hibernate.dialect' (remove the property setting and it will be selected by default)
2025-12-22T19:33:56.442-03:00  INFO 16232 --- [sarh] [           main] o.h.e.t.j.p.i.JtaPlatformInitiator       : HHH000489: No JTA platform available (set 'hibernate.transaction.jta.platform' to enable JTA platform integration)
2025-12-22T19:33:57.411-03:00  INFO 16232 --- [sarh] [           main] j.LocalContainerEntityManagerFactoryBean : Initialized JPA EntityManagerFactory for persistence unit 'default'
2025-12-22T19:34:00.784-03:00  INFO 16232 --- [sarh] [           main] o.s.d.j.r.query.QueryEnhancerFactory     : Hibernate is in classpath; If applicable, HQL parser will be used.
2025-12-22T19:34:04.017-03:00  WARN 16232 --- [sarh] [           main] JpaBaseConfiguration$JpaWebConfiguration : spring.jpa.open-in-view is enabled by default. Therefore, database queries may be performed during view rendering. Explicitly configure spring.jpa.open-in-view to disable this warning
2025-12-22T19:34:04.079-03:00  INFO 16232 --- [sarh] [           main] r$InitializeUserDetailsManagerConfigurer : Global AuthenticationManager configured with UserDetailsService bean with name userDetailServicePort
2025-12-22T19:34:04.157-03:00 ERROR 16232 --- [sarh] [           main] a.I.a.c.s.SecurityConfig$$SpringCGLIB$$0 : AUTH EN FILTRO: null
2025-12-22T19:34:05.413-03:00  INFO 16232 --- [sarh] [           main] com.fich.sarh.SarhApplicationTests       : Started SarhApplicationTests in 27.195 seconds (process running for 35.134)
]]></system-out>
    <system-err><![CDATA[WARNING: A Java agent has been loaded dynamically (C:\Users\I-MAG\.m2\repository\net\bytebuddy\byte-buddy-agent\1.14.19\byte-buddy-agent-1.14.19.jar)
WARNING: If a serviceability tool is in use, please run with -XX:+EnableDynamicAgentLoading to hide this warning
WARNING: If a serviceability tool is not in use, please run with -Djdk.instrument.traceUsage for more information
WARNING: Dynamic loading of agents will be disallowed by default in a future release
]]></system-err>
  </testcase>
</testsuite>